<?xml version="1.0" encoding="UTF-8"?>
<testng-results skipped="0" failed="0" ignored="0" total="1" passed="1">
  <reporter-output>
  </reporter-output>
  <suite name="Default suite" duration-ms="3938" started-at="2021-05-22T16:32:53Z" finished-at="2021-05-22T16:32:57Z">
    <groups>
    </groups>
    <test name="Default test" duration-ms="3938" started-at="2021-05-22T16:32:53Z" finished-at="2021-05-22T16:32:57Z">
      <class name="Udemy.RestAssured.Test10_DataDrivenFromExcel">
        <test-method status="PASS" signature="addBook()[pri:0, instance:Udemy.RestAssured.Test10_DataDrivenFromExcel@ff5b51f]" name="addBook" duration-ms="3916" started-at="2021-05-22T16:32:53Z" finished-at="2021-05-22T16:32:57Z">
          <reporter-output>
          </reporter-output>
        </test-method> <!-- addBook -->
      </class> <!-- Udemy.RestAssured.Test10_DataDrivenFromExcel -->
    </test> <!-- Default test -->
  </suite> <!-- Default suite -->
</testng-results>
